<?xml version="1.0" encoding="UTF-8"?>
<testsuites name="jest tests" tests="15" failures="8" errors="0" time="20.482">
  <testsuite name="Smoke Tests — Critical Flows" errors="0" failures="5" skipped="0" timestamp="2026-07-25T21:50:32" time="13.431" tests="8">
    <testcase classname="Smoke Tests — Critical Flows Health &amp; Observability GET /public/health should return 200" name="Smoke Tests — Critical Flows Health &amp; Observability GET /public/health should return 200" time="0.158">
    </testcase>
    <testcase classname="Smoke Tests — Critical Flows Health &amp; Observability GET /health should return 200 when HealthModule is mounted" name="Smoke Tests — Critical Flows Health &amp; Observability GET /health should return 200 when HealthModule is mounted" time="0.069">
    </testcase>
    <testcase classname="Smoke Tests — Critical Flows Health &amp; Observability GET /metrics should return Prometheus text" name="Smoke Tests — Critical Flows Health &amp; Observability GET /metrics should return Prometheus text" time="0.043">
      <failure>Error: expected 200 &quot;OK&quot;, got 401 &quot;Unauthorized&quot;
    at Object.&lt;anonymous&gt; (/home/jalikoa/nyalifeapi/test/smoke.e2e-spec.ts:59:57)
    at Promise.finally.completed (/home/jalikoa/nyalifeapi/node_modules/jest-circus/build/jestAdapterInit.js:1561:28)
    at new Promise (&lt;anonymous&gt;)
    at callAsyncCircusFn (/home/jalikoa/nyalifeapi/node_modules/jest-circus/build/jestAdapterInit.js:1501:10)
    at _callCircusTest (/home/jalikoa/nyalifeapi/node_modules/jest-circus/build/jestAdapterInit.js:1011:40)
    at processTicksAndRejections (node:internal/process/task_queues:95:5)
    at _runTest (/home/jalikoa/nyalifeapi/node_modules/jest-circus/build/jestAdapterInit.js:951:3)
    at /home/jalikoa/nyalifeapi/node_modules/jest-circus/build/jestAdapterInit.js:853:7
    at _runTestsForDescribeBlock (/home/jalikoa/nyalifeapi/node_modules/jest-circus/build/jestAdapterInit.js:866:11)
    at _runTestsForDescribeBlock (/home/jalikoa/nyalifeapi/node_modules/jest-circus/build/jestAdapterInit.js:861:11)
    at _runTestsForDescribeBlock (/home/jalikoa/nyalifeapi/node_modules/jest-circus/build/jestAdapterInit.js:861:11)
    at run (/home/jalikoa/nyalifeapi/node_modules/jest-circus/build/jestAdapterInit.js:765:3)
    at runAndTransformResultsToJestFormat (/home/jalikoa/nyalifeapi/node_modules/jest-circus/build/jestAdapterInit.js:1993:21)
    at jestAdapter (/home/jalikoa/nyalifeapi/node_modules/jest-circus/build/runner.js:111:19)
    at runTestInternal (/home/jalikoa/nyalifeapi/node_modules/jest-runner/build/index.js:276:16)
    at runTest (/home/jalikoa/nyalifeapi/node_modules/jest-runner/build/index.js:344:7)
----
    at Test._assertStatus (/home/jalikoa/nyalifeapi/node_modules/supertest/lib/test.js:309:14)
    at /home/jalikoa/nyalifeapi/node_modules/supertest/lib/test.js:365:13
    at Test._assertFunction (/home/jalikoa/nyalifeapi/node_modules/supertest/lib/test.js:342:13)
    at Test.assert (/home/jalikoa/nyalifeapi/node_modules/supertest/lib/test.js:195:23)
    at localAssert (/home/jalikoa/nyalifeapi/node_modules/supertest/lib/test.js:138:14)
    at Server.&lt;anonymous&gt; (/home/jalikoa/nyalifeapi/node_modules/supertest/lib/test.js:152:11)
    at Object.onceWrapper (node:events:638:28)
    at Server.emit (node:events:524:28)
    at emitCloseNT (node:net:2344:8)
    at processTicksAndRejections (node:internal/process/task_queues:81:21)</failure>
    </testcase>
    <testcase classname="Smoke Tests — Critical Flows Authentication Flow POST /auth/login with invalid credentials should return 401" name="Smoke Tests — Critical Flows Authentication Flow POST /auth/login with invalid credentials should return 401" time="0.069">
      <failure>Error: expected 401 &quot;Unauthorized&quot;, got 404 &quot;Not Found&quot;
    at Object.&lt;anonymous&gt; (/home/jalikoa/nyalifeapi/test/smoke.e2e-spec.ts:69:10)
    at Promise.finally.completed (/home/jalikoa/nyalifeapi/node_modules/jest-circus/build/jestAdapterInit.js:1561:28)
    at new Promise (&lt;anonymous&gt;)
    at callAsyncCircusFn (/home/jalikoa/nyalifeapi/node_modules/jest-circus/build/jestAdapterInit.js:1501:10)
    at _callCircusTest (/home/jalikoa/nyalifeapi/node_modules/jest-circus/build/jestAdapterInit.js:1011:40)
    at processTicksAndRejections (node:internal/process/task_queues:95:5)
    at _runTest (/home/jalikoa/nyalifeapi/node_modules/jest-circus/build/jestAdapterInit.js:951:3)
    at /home/jalikoa/nyalifeapi/node_modules/jest-circus/build/jestAdapterInit.js:853:7
    at _runTestsForDescribeBlock (/home/jalikoa/nyalifeapi/node_modules/jest-circus/build/jestAdapterInit.js:866:11)
    at _runTestsForDescribeBlock (/home/jalikoa/nyalifeapi/node_modules/jest-circus/build/jestAdapterInit.js:861:11)
    at _runTestsForDescribeBlock (/home/jalikoa/nyalifeapi/node_modules/jest-circus/build/jestAdapterInit.js:861:11)
    at run (/home/jalikoa/nyalifeapi/node_modules/jest-circus/build/jestAdapterInit.js:765:3)
    at runAndTransformResultsToJestFormat (/home/jalikoa/nyalifeapi/node_modules/jest-circus/build/jestAdapterInit.js:1993:21)
    at jestAdapter (/home/jalikoa/nyalifeapi/node_modules/jest-circus/build/runner.js:111:19)
    at runTestInternal (/home/jalikoa/nyalifeapi/node_modules/jest-runner/build/index.js:276:16)
    at runTest (/home/jalikoa/nyalifeapi/node_modules/jest-runner/build/index.js:344:7)
----
    at Test._assertStatus (/home/jalikoa/nyalifeapi/node_modules/supertest/lib/test.js:309:14)
    at /home/jalikoa/nyalifeapi/node_modules/supertest/lib/test.js:365:13
    at Test._assertFunction (/home/jalikoa/nyalifeapi/node_modules/supertest/lib/test.js:342:13)
    at Test.assert (/home/jalikoa/nyalifeapi/node_modules/supertest/lib/test.js:195:23)
    at localAssert (/home/jalikoa/nyalifeapi/node_modules/supertest/lib/test.js:138:14)
    at Server.&lt;anonymous&gt; (/home/jalikoa/nyalifeapi/node_modules/supertest/lib/test.js:152:11)
    at Object.onceWrapper (node:events:638:28)
    at Server.emit (node:events:524:28)
    at emitCloseNT (node:net:2344:8)
    at processTicksAndRejections (node:internal/process/task_queues:81:21)</failure>
    </testcase>
    <testcase classname="Smoke Tests — Critical Flows Authentication Flow POST /auth/refresh with invalid token should return 401" name="Smoke Tests — Critical Flows Authentication Flow POST /auth/refresh with invalid token should return 401" time="0.044">
      <failure>Error: expected 401 &quot;Unauthorized&quot;, got 404 &quot;Not Found&quot;
    at Object.&lt;anonymous&gt; (/home/jalikoa/nyalifeapi/test/smoke.e2e-spec.ts:76:10)
    at Promise.finally.completed (/home/jalikoa/nyalifeapi/node_modules/jest-circus/build/jestAdapterInit.js:1561:28)
    at new Promise (&lt;anonymous&gt;)
    at callAsyncCircusFn (/home/jalikoa/nyalifeapi/node_modules/jest-circus/build/jestAdapterInit.js:1501:10)
    at _callCircusTest (/home/jalikoa/nyalifeapi/node_modules/jest-circus/build/jestAdapterInit.js:1011:40)
    at processTicksAndRejections (node:internal/process/task_queues:95:5)
    at _runTest (/home/jalikoa/nyalifeapi/node_modules/jest-circus/build/jestAdapterInit.js:951:3)
    at /home/jalikoa/nyalifeapi/node_modules/jest-circus/build/jestAdapterInit.js:853:7
    at _runTestsForDescribeBlock (/home/jalikoa/nyalifeapi/node_modules/jest-circus/build/jestAdapterInit.js:866:11)
    at _runTestsForDescribeBlock (/home/jalikoa/nyalifeapi/node_modules/jest-circus/build/jestAdapterInit.js:861:11)
    at _runTestsForDescribeBlock (/home/jalikoa/nyalifeapi/node_modules/jest-circus/build/jestAdapterInit.js:861:11)
    at run (/home/jalikoa/nyalifeapi/node_modules/jest-circus/build/jestAdapterInit.js:765:3)
    at runAndTransformResultsToJestFormat (/home/jalikoa/nyalifeapi/node_modules/jest-circus/build/jestAdapterInit.js:1993:21)
    at jestAdapter (/home/jalikoa/nyalifeapi/node_modules/jest-circus/build/runner.js:111:19)
    at runTestInternal (/home/jalikoa/nyalifeapi/node_modules/jest-runner/build/index.js:276:16)
    at runTest (/home/jalikoa/nyalifeapi/node_modules/jest-runner/build/index.js:344:7)
----
    at Test._assertStatus (/home/jalikoa/nyalifeapi/node_modules/supertest/lib/test.js:309:14)
    at /home/jalikoa/nyalifeapi/node_modules/supertest/lib/test.js:365:13
    at Test._assertFunction (/home/jalikoa/nyalifeapi/node_modules/supertest/lib/test.js:342:13)
    at Test.assert (/home/jalikoa/nyalifeapi/node_modules/supertest/lib/test.js:195:23)
    at localAssert (/home/jalikoa/nyalifeapi/node_modules/supertest/lib/test.js:138:14)
    at Server.&lt;anonymous&gt; (/home/jalikoa/nyalifeapi/node_modules/supertest/lib/test.js:152:11)
    at Object.onceWrapper (node:events:638:28)
    at Server.emit (node:events:524:28)
    at emitCloseNT (node:net:2344:8)
    at processTicksAndRejections (node:internal/process/task_queues:81:21)</failure>
    </testcase>
    <testcase classname="Smoke Tests — Critical Flows Protected Endpoints Require Auth GET /users without auth should return 401" name="Smoke Tests — Critical Flows Protected Endpoints Require Auth GET /users without auth should return 401" time="0.02">
      <failure>Error: expected 401 &quot;Unauthorized&quot;, got 404 &quot;Not Found&quot;
    at Object.&lt;anonymous&gt; (/home/jalikoa/nyalifeapi/test/smoke.e2e-spec.ts:82:43)
    at Promise.finally.completed (/home/jalikoa/nyalifeapi/node_modules/jest-circus/build/jestAdapterInit.js:1561:28)
    at new Promise (&lt;anonymous&gt;)
    at callAsyncCircusFn (/home/jalikoa/nyalifeapi/node_modules/jest-circus/build/jestAdapterInit.js:1501:10)
    at _callCircusTest (/home/jalikoa/nyalifeapi/node_modules/jest-circus/build/jestAdapterInit.js:1011:40)
    at processTicksAndRejections (node:internal/process/task_queues:95:5)
    at _runTest (/home/jalikoa/nyalifeapi/node_modules/jest-circus/build/jestAdapterInit.js:951:3)
    at /home/jalikoa/nyalifeapi/node_modules/jest-circus/build/jestAdapterInit.js:853:7
    at _runTestsForDescribeBlock (/home/jalikoa/nyalifeapi/node_modules/jest-circus/build/jestAdapterInit.js:866:11)
    at _runTestsForDescribeBlock (/home/jalikoa/nyalifeapi/node_modules/jest-circus/build/jestAdapterInit.js:861:11)
    at _runTestsForDescribeBlock (/home/jalikoa/nyalifeapi/node_modules/jest-circus/build/jestAdapterInit.js:861:11)
    at run (/home/jalikoa/nyalifeapi/node_modules/jest-circus/build/jestAdapterInit.js:765:3)
    at runAndTransformResultsToJestFormat (/home/jalikoa/nyalifeapi/node_modules/jest-circus/build/jestAdapterInit.js:1993:21)
    at jestAdapter (/home/jalikoa/nyalifeapi/node_modules/jest-circus/build/runner.js:111:19)
    at runTestInternal (/home/jalikoa/nyalifeapi/node_modules/jest-runner/build/index.js:276:16)
    at runTest (/home/jalikoa/nyalifeapi/node_modules/jest-runner/build/index.js:344:7)
----
    at Test._assertStatus (/home/jalikoa/nyalifeapi/node_modules/supertest/lib/test.js:309:14)
    at /home/jalikoa/nyalifeapi/node_modules/supertest/lib/test.js:365:13
    at Test._assertFunction (/home/jalikoa/nyalifeapi/node_modules/supertest/lib/test.js:342:13)
    at Test.assert (/home/jalikoa/nyalifeapi/node_modules/supertest/lib/test.js:195:23)
    at localAssert (/home/jalikoa/nyalifeapi/node_modules/supertest/lib/test.js:138:14)
    at Server.&lt;anonymous&gt; (/home/jalikoa/nyalifeapi/node_modules/supertest/lib/test.js:152:11)
    at Object.onceWrapper (node:events:638:28)
    at Server.emit (node:events:524:28)
    at emitCloseNT (node:net:2344:8)
    at processTicksAndRejections (node:internal/process/task_queues:81:21)</failure>
    </testcase>
    <testcase classname="Smoke Tests — Critical Flows Protected Endpoints Require Auth GET /audit/logs without auth should return 401" name="Smoke Tests — Critical Flows Protected Endpoints Require Auth GET /audit/logs without auth should return 401" time="0.015">
      <failure>Error: expected 401 &quot;Unauthorized&quot;, got 404 &quot;Not Found&quot;
    at Object.&lt;anonymous&gt; (/home/jalikoa/nyalifeapi/test/smoke.e2e-spec.ts:86:48)
    at Promise.finally.completed (/home/jalikoa/nyalifeapi/node_modules/jest-circus/build/jestAdapterInit.js:1561:28)
    at new Promise (&lt;anonymous&gt;)
    at callAsyncCircusFn (/home/jalikoa/nyalifeapi/node_modules/jest-circus/build/jestAdapterInit.js:1501:10)
    at _callCircusTest (/home/jalikoa/nyalifeapi/node_modules/jest-circus/build/jestAdapterInit.js:1011:40)
    at processTicksAndRejections (node:internal/process/task_queues:95:5)
    at _runTest (/home/jalikoa/nyalifeapi/node_modules/jest-circus/build/jestAdapterInit.js:951:3)
    at /home/jalikoa/nyalifeapi/node_modules/jest-circus/build/jestAdapterInit.js:853:7
    at _runTestsForDescribeBlock (/home/jalikoa/nyalifeapi/node_modules/jest-circus/build/jestAdapterInit.js:866:11)
    at _runTestsForDescribeBlock (/home/jalikoa/nyalifeapi/node_modules/jest-circus/build/jestAdapterInit.js:861:11)
    at _runTestsForDescribeBlock (/home/jalikoa/nyalifeapi/node_modules/jest-circus/build/jestAdapterInit.js:861:11)
    at run (/home/jalikoa/nyalifeapi/node_modules/jest-circus/build/jestAdapterInit.js:765:3)
    at runAndTransformResultsToJestFormat (/home/jalikoa/nyalifeapi/node_modules/jest-circus/build/jestAdapterInit.js:1993:21)
    at jestAdapter (/home/jalikoa/nyalifeapi/node_modules/jest-circus/build/runner.js:111:19)
    at runTestInternal (/home/jalikoa/nyalifeapi/node_modules/jest-runner/build/index.js:276:16)
    at runTest (/home/jalikoa/nyalifeapi/node_modules/jest-runner/build/index.js:344:7)
----
    at Test._assertStatus (/home/jalikoa/nyalifeapi/node_modules/supertest/lib/test.js:309:14)
    at /home/jalikoa/nyalifeapi/node_modules/supertest/lib/test.js:365:13
    at Test._assertFunction (/home/jalikoa/nyalifeapi/node_modules/supertest/lib/test.js:342:13)
    at Test.assert (/home/jalikoa/nyalifeapi/node_modules/supertest/lib/test.js:195:23)
    at localAssert (/home/jalikoa/nyalifeapi/node_modules/supertest/lib/test.js:138:14)
    at Server.&lt;anonymous&gt; (/home/jalikoa/nyalifeapi/node_modules/supertest/lib/test.js:152:11)
    at Object.onceWrapper (node:events:638:28)
    at Server.emit (node:events:524:28)
    at emitCloseNT (node:net:2344:8)
    at processTicksAndRejections (node:internal/process/task_queues:81:21)</failure>
    </testcase>
    <testcase classname="Smoke Tests — Critical Flows Validation should reject unknown body fields when forbidNonWhitelisted is enabled at the app layer" name="Smoke Tests — Critical Flows Validation should reject unknown body fields when forbidNonWhitelisted is enabled at the app layer" time="0.017">
    </testcase>
  </testsuite>
  <testsuite name="API (e2e)" errors="0" failures="1" skipped="0" timestamp="2026-07-25T21:50:45" time="3.07" tests="4">
    <testcase classname="API (e2e) Root &amp; public metadata GET / should return API metadata" name="API (e2e) Root &amp; public metadata GET / should return API metadata" time="0.049">
    </testcase>
    <testcase classname="API (e2e) Root &amp; public metadata GET /public/health should return healthy" name="API (e2e) Root &amp; public metadata GET /public/health should return healthy" time="0.015">
    </testcase>
    <testcase classname="API (e2e) Root &amp; public metadata GET /public/info should return non-sensitive metadata" name="API (e2e) Root &amp; public metadata GET /public/info should return non-sensitive metadata" time="0.014">
    </testcase>
    <testcase classname="API (e2e) Request correlation should echo x-request-id on responses" name="API (e2e) Request correlation should echo x-request-id on responses" time="0.023">
      <failure>Error: expect(received).toBe(expected) // Object.is equality

Expected: &quot;e2e-correlation-id&quot;
Received: undefined
    at Object.&lt;anonymous&gt; (/home/jalikoa/nyalifeapi/test/app.e2e-spec.ts:95:43)
    at processTicksAndRejections (node:internal/process/task_queues:95:5)</failure>
    </testcase>
  </testsuite>
  <testsuite name="Regression Tests" errors="0" failures="2" skipped="0" timestamp="2026-07-25T21:50:48" time="3.524" tests="3">
    <testcase classname="Regression Tests Bug #003 — JWT Token Validation rejects malformed Bearer tokens on protected routes" name="Regression Tests Bug #003 — JWT Token Validation rejects malformed Bearer tokens on protected routes" time="0.043">
      <failure>Error: expected 401 &quot;Unauthorized&quot;, got 404 &quot;Not Found&quot;
    at Object.&lt;anonymous&gt; (/home/jalikoa/nyalifeapi/test/regression.e2e-spec.ts:50:10)
    at Promise.finally.completed (/home/jalikoa/nyalifeapi/node_modules/jest-circus/build/jestAdapterInit.js:1561:28)
    at new Promise (&lt;anonymous&gt;)
    at callAsyncCircusFn (/home/jalikoa/nyalifeapi/node_modules/jest-circus/build/jestAdapterInit.js:1501:10)
    at _callCircusTest (/home/jalikoa/nyalifeapi/node_modules/jest-circus/build/jestAdapterInit.js:1011:40)
    at _runTest (/home/jalikoa/nyalifeapi/node_modules/jest-circus/build/jestAdapterInit.js:951:3)
    at /home/jalikoa/nyalifeapi/node_modules/jest-circus/build/jestAdapterInit.js:853:7
    at _runTestsForDescribeBlock (/home/jalikoa/nyalifeapi/node_modules/jest-circus/build/jestAdapterInit.js:866:11)
    at _runTestsForDescribeBlock (/home/jalikoa/nyalifeapi/node_modules/jest-circus/build/jestAdapterInit.js:861:11)
    at _runTestsForDescribeBlock (/home/jalikoa/nyalifeapi/node_modules/jest-circus/build/jestAdapterInit.js:861:11)
    at run (/home/jalikoa/nyalifeapi/node_modules/jest-circus/build/jestAdapterInit.js:765:3)
    at runAndTransformResultsToJestFormat (/home/jalikoa/nyalifeapi/node_modules/jest-circus/build/jestAdapterInit.js:1993:21)
    at jestAdapter (/home/jalikoa/nyalifeapi/node_modules/jest-circus/build/runner.js:111:19)
    at runTestInternal (/home/jalikoa/nyalifeapi/node_modules/jest-runner/build/index.js:276:16)
    at runTest (/home/jalikoa/nyalifeapi/node_modules/jest-runner/build/index.js:344:7)
----
    at Test._assertStatus (/home/jalikoa/nyalifeapi/node_modules/supertest/lib/test.js:309:14)
    at /home/jalikoa/nyalifeapi/node_modules/supertest/lib/test.js:365:13
    at Test._assertFunction (/home/jalikoa/nyalifeapi/node_modules/supertest/lib/test.js:342:13)
    at Test.assert (/home/jalikoa/nyalifeapi/node_modules/supertest/lib/test.js:195:23)
    at localAssert (/home/jalikoa/nyalifeapi/node_modules/supertest/lib/test.js:138:14)
    at Server.&lt;anonymous&gt; (/home/jalikoa/nyalifeapi/node_modules/supertest/lib/test.js:152:11)
    at Object.onceWrapper (node:events:638:28)
    at Server.emit (node:events:524:28)
    at emitCloseNT (node:net:2344:8)
    at processTicksAndRejections (node:internal/process/task_queues:81:21)</failure>
    </testcase>
    <testcase classname="Regression Tests Bug #010 — Health Check Endpoints keeps /public/health available without authentication" name="Regression Tests Bug #010 — Health Check Endpoints keeps /public/health available without authentication" time="0.024">
    </testcase>
    <testcase classname="Regression Tests Bug #011 — Request ID Correlation preserves client-supplied x-request-id" name="Regression Tests Bug #011 — Request ID Correlation preserves client-supplied x-request-id" time="0.027">
      <failure>Error: expect(received).toBe(expected) // Object.is equality

Expected: &quot;regression-req-id&quot;
Received: undefined
    at Object.&lt;anonymous&gt; (/home/jalikoa/nyalifeapi/test/regression.e2e-spec.ts:70:43)
    at processTicksAndRejections (node:internal/process/task_queues:95:5)</failure>
    </testcase>
  </testsuite>
</testsuites>